1558340084672	mozrunner::runner	INFO	Running command: "C:\\Program Files\\Mozilla Firefox\\firefox.exe" "-marionette" "-foreground" "-no-remote" "-profile" "C:\\Users\\go\\AppData\\Local\\Temp\\rust_mozprofile.vbz06wAjBx3Y"
1558340085028	addons.webextension.screenshots@mozilla.org	WARN	Loading extension 'screenshots@mozilla.org': Reading manifest: Invalid extension permission: mozillaAddons
1558340085029	addons.webextension.screenshots@mozilla.org	WARN	Loading extension 'screenshots@mozilla.org': Reading manifest: Invalid extension permission: resource://pdf.js/
1558340085029	addons.webextension.screenshots@mozilla.org	WARN	Loading extension 'screenshots@mozilla.org': Reading manifest: Invalid extension permission: about:reader*
1558340086241	Marionette	INFO	Listening on port 53960
1558340086287	Marionette	WARN	TLS certificate errors will be ignored for this session
JavaScript error: https://ibank.bankmandiri.co.id/common/js/datatables/dataTablesExtend.js, line 338: TypeError: $.fn.dataTableExt is undefined
1558340095389	Marionette	WARN	TimedPromise timed out after 500 ms: stacktrace:
bail@chrome://marionette/content/sync.js:224:64
send@https://ibank.bankmandiri.co.id/retail3/js/jquery-1.11.1.min.js:4:25547
ajax@https://ibank.bankmandiri.co.id/retail3/js/jquery-1.11.1.min.js:4:21300
getBalance@https://ibank.bankmandiri.co.id/retail3/js/jquery-1.11.1.min.js line 2 > eval:1:6040
callSavingDetail@https://ibank.bankmandiri.co.id/retail3/js/jquery-1.11.1.min.js line 2 > eval:1:295
callback@https://ibank.bankmandiri.co.id/retail3/js/jquery-1.11.1.min.js line 2 > eval:12:2
callCallBck@https://ibank.bankmandiri.co.id/retail3/js/footer-merged.js:3473:2
success@https://ibank.bankmandiri.co.id/retail3/js/footer-merged.js:3456:8
j@https://ibank.bankmandiri.co.id/retail3/js/jquery-1.11.1.min.js:2:27239
fireWith@https://ibank.bankmandiri.co.id/retail3/js/jquery-1.11.1.min.js:2:28057
x@https://ibank.bankmandiri.co.id/retail3/js/jquery-1.11.1.min.js:4:21841
b@https://ibank.bankmandiri.co.id/retail3/js/jquery-1.11.1.min.js:4:25897
1558340489044	mozrunner::runner	INFO	Running command: "C:\\Program Files\\Mozilla Firefox\\firefox.exe" "-marionette" "-foreground" "-no-remote" "-profile" "C:\\Users\\go\\AppData\\Local\\Temp\\rust_mozprofile.tLLgVemMjyyC"
1558340489371	addons.webextension.screenshots@mozilla.org	WARN	Loading extension 'screenshots@mozilla.org': Reading manifest: Invalid extension permission: mozillaAddons
1558340489372	addons.webextension.screenshots@mozilla.org	WARN	Loading extension 'screenshots@mozilla.org': Reading manifest: Invalid extension permission: resource://pdf.js/
1558340489372	addons.webextension.screenshots@mozilla.org	WARN	Loading extension 'screenshots@mozilla.org': Reading manifest: Invalid extension permission: about:reader*
1558340490458	Marionette	INFO	Listening on port 54384
1558340490656	Marionette	WARN	TLS certificate errors will be ignored for this session
JavaScript error: https://ibank.bankmandiri.co.id/common/js/datatables/dataTablesExtend.js, line 338: TypeError: $.fn.dataTableExt is undefined
1558340500136	Marionette	WARN	TimedPromise timed out after 500 ms: stacktrace:
bail@chrome://marionette/content/sync.js:224:64
send@https://ibank.bankmandiri.co.id/retail3/js/jquery-1.11.1.min.js:4:25547
ajax@https://ibank.bankmandiri.co.id/retail3/js/jquery-1.11.1.min.js:4:21300
getBalance@https://ibank.bankmandiri.co.id/retail3/js/jquery-1.11.1.min.js line 2 > eval:1:6040
callSavingDetail@https://ibank.bankmandiri.co.id/retail3/js/jquery-1.11.1.min.js line 2 > eval:1:295
callback@https://ibank.bankmandiri.co.id/retail3/js/jquery-1.11.1.min.js line 2 > eval:12:2
callCallBck@https://ibank.bankmandiri.co.id/retail3/js/footer-merged.js:3473:2
success@https://ibank.bankmandiri.co.id/retail3/js/footer-merged.js:3456:8
j@https://ibank.bankmandiri.co.id/retail3/js/jquery-1.11.1.min.js:2:27239
fireWith@https://ibank.bankmandiri.co.id/retail3/js/jquery-1.11.1.min.js:2:28057
x@https://ibank.bankmandiri.co.id/retail3/js/jquery-1.11.1.min.js:4:21841
b@https://ibank.bankmandiri.co.id/retail3/js/jquery-1.11.1.min.js:4:25897
console.error: BroadcastService: 
  receivedBroadcastMessage: handler for
  remote-settings/monitor_changes
  threw error:
  Message: Error: Polling for changes failed: NetworkError when attempting to fetch resource..
  Stack:
    remoteSettingsFunction/remoteSettings.pollChanges@resource://services-settings/remote-settings.js:190:13

[Child 5684, Chrome_ChildThread] WARNING: pipe error: 109: file z:/build/build/src/ipc/chromium/src/chrome/common/ipc_channel_win.cc, line 332
[Child[Parent 12316, Gecko_IOThread] WARNING: pipe error: 109: file z:/build/build/src/ipc/chromium/src/chrome/common/ipc_channel_win.cc, line 332
[Child 10588, Chrome_ChildThread] WARNING: pipe error: 109: file z:/build/build/src/ipc/chromium/src/chrome/common/ipc_channel_win.cc, line 332
[Child 10581558341048948	Marionette	INFO	Stopped listening on port 54384

###!!! [Child][RunMessage] Error: Channel closing: too late to send/recv, messages will be lost

[GPU 7836
###!!! [Child][MessageChannel::SendAndWait] Error: Channel error: cannot send/recv

nsion permission: about:reader*
1558340818938	Marionette	INFO	Listening on port 54759
1558340819040	Marionette	WARN	TLS certificate errors will be ignored for this session
JavaScript error: https://ibank.bankmandiri.co.id/common/js/datatables/dataTablesExtend.js, line 338: TypeError: $.fn.dataTableExt is undefined
1558340825117	Marionette	WARN	TimedPromise timed out after 500 ms: stacktrace:
bail@chrome://marionette/content/sync.js:224:64
send@https://ibank.bankmandiri.co.id/retail3/js/jquery-1.11.1.min.js:4:25547
ajax@https://ibank.bankmandiri.co.id/retail3/js/jquery-1.11.1.min.js:4:21300
getBalance@https://ibank.bankmandiri.co.id/retail3/js/jquery-1.11.1.min.js line 2 > eval:1:6040
callSavingDetail@https://ibank.bankmandiri.co.id/retail3/js/jquery-1.11.1.min.js line 2 > eval:1:295
callback@https://ibank.bankmandiri.co.id/retail3/js/jquery-1.11.1.min.js line 2 > eval:12:2
callCallBck@https://ibank.bankmandiri.co.id/retail3/js/footer-merged.js:3473:2
success@https://ibank.bankmandiri.co.id/retail3/js/footer-merged.js:3456:8
j@https://ibank.bankmandiri.co.id/retail3/js/jquery-1.11.1.min.js:2:27239
fireWith@https://ibank.bankmandiri.co.id/retail3/js/jquery-1.11.1.min.js:2:28057
x@https://ibank.bankmandiri.co.id/retail3/js/jquery-1.11.1.min.js:4:21841
b@https://ibank.bankmandiri.co.id/retail3/js/jquery-1.11.1.min.js:4:25897
[Child 7368, Chrome_ChildThread] WARNING: pipe error: 109: file z:/build/build/src/ipc/chromium/src/chrome/common/ipc_channel_win.cc, line 332
[Child 7368, Chr1558340845611	Marionette	INFO	Stopped listening on port 54759

###!!! [Child][RunMessage] Error: Channel closing: too late to send/recv, messages will be lost

[GPU 852
###!!! [Child][MessageChannel::SendAndWait] Error: Channel error: cannot send/recv

1558341020381	mozrunner::runner	INFO	Running command: "C:\\Program Files\\Mozilla Firefox\\firefox.exe" "-marionette" "-foreground" "-no-remote" "-profile" "C:\\Users\\go\\AppData\\Local\\Temp\\rust_mozprofile.DZ83oSUomqAQ"
1558341020712	addons.webextension.screenshots@mozilla.org	WARN	Loading extension 'screenshots@mozilla.org': Reading manifest: Invalid extension permission: mozillaAddons
1558341020712	addons.webextension.screenshots@mozilla.org	WARN	Loading extension 'screenshots@mozilla.org': Reading manifest: Invalid extension permission: resource://pdf.js/
1558341020712	addons.webextension.screenshots@mozilla.org	WARN	Loading extension 'screenshots@mozilla.org': Reading manifest: Invalid extension permission: about:reader*
1558341021854	Marionette	INFO	Listening on port 55005
1558341021992	Marionette	WARN	TLS certificate errors will be ignored for this session
JavaScript error: https://ibank.bankmandiri.co.id/common/js/datatables/dataTablesExtend.js, line 338: TypeError: $.fn.dataTableExt is undefined
1558341030393	Marionette	WARN	TimedPromise timed out after 500 ms: stacktrace:
bail@chrome://marionette/content/sync.js:224:64
send@https://ibank.bankmandiri.co.id/retail3/js/jquery-1.11.1.min.js:4:25547
ajax@https://ibank.bankmandiri.co.id/retail3/js/jquery-1.11.1.min.js:4:21300
getBalance@https://ibank.bankmandiri.co.id/retail3/js/jquery-1.11.1.min.js line 2 > eval:1:6040
callSavingDetail@https://ibank.bankmandiri.co.id/retail3/js/jquery-1.11.1.min.js line 2 > eval:1:295
callback@https://ibank.bankmandiri.co.id/retail3/js/jquery-1.11.1.min.js line 2 > eval:12:2
callCallBck@https://ibank.bankmandiri.co.id/retail3/js/footer-merged.js:3473:2
success@https://ibank.bankmandiri.co.id/retail3/js/footer-merged.js:3456:8
j@https://ibank.bankmandiri.co.id/retail3/js/jquery-1.11.1.min.js:2:27239
fireWith@https://ibank.bankmandiri.co.id/retail3/js/jquery-1.11.1.min.js:2:28057
x@https://ibank.bankmandiri.co.id/retail3/js/jquery-1.11.1.min.js:4:21841
b@https://ibank.bankmandiri.co.id/retail3/js/jquery-1.11.1.min.js:4:25897
1558341092435	Marionette	INFO	Stopped listening on port 55005
[Parent 9404, Gecko_IOThread] WARNING: pipe error: 109: file z:/build/build/src/ipc/chromium/src/chrome/common/ipc_channel_win.cc, line 332
[GPU 13300, Chrome_C
###!!! [Child][MessageChannel::SendAndWait] Error: Channel error: cannot send/recv

1558341236578	mozrunner::runner	INFO	Running command: "C:\\Program Files\\Mozilla Firefox\\firefox.exe" "-marionette" "-foreground" "-no-remote" "-profile" "C:\\Users\\go\\AppData\\Local\\Temp\\rust_mozprofile.3ujf8j8V9XEP"
1558341236912	addons.webextension.screenshots@mozilla.org	WARN	Loading extension 'screenshots@mozilla.org': Reading manifest: Invalid extension permission: mozillaAddons
1558341236912	addons.webextension.screenshots@mozilla.org	WARN	Loading extension 'screenshots@mozilla.org': Reading manifest: Invalid extension permission: resource://pdf.js/
1558341236912	addons.webextension.screenshots@mozilla.org	WARN	Loading extension 'screenshots@mozilla.org': Reading manifest: Invalid extension permission: about:reader*
1558341238075	Marionette	INFO	Listening on port 55246
1558341238196	Marionette	WARN	TLS certificate errors will be ignored for this session
[Parent 1424, Gecko_IOThread] WARNING: pipe error: 109: file z:/build/build/src/ipc/chromium/src/chrome/common/ipc_channel_win.cc, line 332
[Child 10156, Chrome_ChildThread] WARNING: pipe error: 232: file z:/build/build/src/ipc/chromium/src/chrome/common/ipc_channel_win.cc, line 493
[Child 6684, Chrome_ChildThread] WARNING: pipe error: 109: file z:/build/build/src/ipc/chromium/src/chrome/common/ipc_channel_win.cc, line 332
[Chi[Child 6ld 10156, Chrome_ChildThread] WARNING: pipe error: 109: file z:/build/build/src/ipc/chromium/src/chrome/common/ipc_channel_win.cc, line 332
[Child 10156, C1558341249635	Marionette	INFO	Stopped listening on port 55246
[GPU 
###!!! [Child][MessageChannel::SendAndWait] Error: Channel error: cannot send/recv

1558341966157	mozrunner::runner	INFO	Running command: "C:\\Program Files\\Mozilla Firefox\\firefox.exe" "-marionette" "-foreground" "-no-remote" "-profile" "C:\\Users\\go\\AppData\\Local\\Temp\\rust_mozprofile.3nszjy2krPO0"
1558341966521	addons.webextension.screenshots@mozilla.org	WARN	Loading extension 'screenshots@mozilla.org': Reading manifest: Invalid extension permission: mozillaAddons
1558341966522	addons.webextension.screenshots@mozilla.org	WARN	Loading extension 'screenshots@mozilla.org': Reading manifest: Invalid extension permission: resource://pdf.js/
1558341966522	addons.webextension.screenshots@mozilla.org	WARN	Loading extension 'screenshots@mozilla.org': Reading manifest: Invalid extension permission: about:reader*
1558341967714	Marionette	INFO	Listening on port 56093
1558341967780	Marionette	WARN	TLS certificate errors will be ignored for this session
JavaScript error: https://ibank.bankmandiri.co.id/common/js/datatables/dataTablesExtend.js, line 338: TypeError: $.fn.dataTableExt is undefined
1558341973970	Marionette	WARN	TimedPromise timed out after 500 ms: stacktrace:
bail@chrome://marionette/content/sync.js:224:64
send@https://ibank.bankmandiri.co.id/retail3/js/jquery-1.11.1.min.js:4:25547
ajax@https://ibank.bankmandiri.co.id/retail3/js/jquery-1.11.1.min.js:4:21300
getBalance@https://ibank.bankmandiri.co.id/retail3/js/jquery-1.11.1.min.js line 2 > eval:1:6040
callSavingDetail@https://ibank.bankmandiri.co.id/retail3/js/jquery-1.11.1.min.js line 2 > eval:1:295
callback@https://ibank.bankmandiri.co.id/retail3/js/jquery-1.11.1.min.js line 2 > eval:12:2
callCallBck@https://ibank.bankmandiri.co.id/retail3/js/footer-merged.js:3473:2
success@https://ibank.bankmandiri.co.id/retail3/js/footer-merged.js:3456:8
j@https://ibank.bankmandiri.co.id/retail3/js/jquery-1.11.1.min.js:2:27239
fireWith@https://ibank.bankmandiri.co.id/retail3/js/jquery-1.11.1.min.js:2:28057
x@https://ibank.bankmandiri.co.id/retail3/js/jquery-1.11.1.min.js:4:21841
b@https://ibank.bankmandiri.co.id/retail3/js/jquery-1.11.1.min.js:4:25897
1558341974680	Marionette	WARN	TimedPromise timed out after 500 ms: stacktrace:
bail@chrome://marionette/content/sync.js:224:64
send@https://ibank.bankmandiri.co.id/retail3/js/jquery-1.11.1.min.js:4:25547
ajax@https://ibank.bankmandiri.co.id/retail3/js/jquery-1.11.1.min.js:4:21300
getBalance@https://ibank.bankmandiri.co.id/retail3/js/jquery-1.11.1.min.js line 2 > eval:1:6040
callSavingDetail@https://ibank.bankmandiri.co.id/retail3/js/jquery-1.11.1.min.js line 2 > eval:1:295
callback@https://ibank.bankmandiri.co.id/retail3/js/jquery-1.11.1.min.js line 2 > eval:12:2
callCallBck@https://ibank.bankmandiri.co.id/retail3/js/footer-merged.js:3473:2
success@https://ibank.bankmandiri.co.id/retail3/js/footer-merged.js:3456:8
j@https://ibank.bankmandiri.co.id/retail3/js/jquery-1.11.1.min.js:2:27239
fireWith@https://ibank.bankmandiri.co.id/retail3/js/jquery-1.11.1.min.js:2:28057
x@https://ibank.bankmandiri.co.id/retail3/js/jquery-1.11.1.min.js:4:21841
b@https://ibank.bankmandiri.co.id/retail3/js/jquery-1.11.1.min.js:4:25897
console.error: BroadcastService: 
  receivedBroadcastMessage: handler for
  remote-settings/monitor_changes
  threw error:
  Message: Error: Polling for changes failed: NetworkError when attempting to fetch resource..
  Stack:
    remoteSettingsFunction/remoteSettings.pollChanges@resource://services-settings/remote-settings.js:190:13

[Parent 280, Gecko_IOThread] WARNING: pipe error: 109: file z:/build/build/src/ipc/chromium/src/chrome/common/ipc_channel_win.cc, line 332
[Parent 280, Gecko_IOThread] WARNING: pipe error: 109: file z:/build/build/src/ipc/chromium/src/chrome/common/ipc_channel_win.cc, line 332
[Parent 280, Gecko_IOThread] WARNING: pipe error: 109: file z:/build/build/src/ipc/chromium/src/chrome/common/ipc_channel_win.cc, line 332
[Child 6896, Chrome_ChildThread] WARNING: pipe error: 109: file z:/build/build/src/ipc/chromium/src/chrome/common/ipc_channel_win.cc, line 332
[Child 1558342561160	Marionette	INFO	Stopped listening on port 56093

###!!! [Child][RunMessage] Error: Channel closing: too late to send/recv, messages will be lost

[GPU 
###!!! [Child][MessageChannel::SendAndWait] Error: Channel error: cannot send/recv

1558343068578	mozrunner::runner	INFO	Running command: "C:\\Program Files\\Mozilla Firefox\\firefox.exe" "-marionette" "-foreground" "-no-remote" "-profile" "C:\\Users\\go\\AppData\\Local\\Temp\\rust_mozprofile.lM6TFnDLFdud"
1558343068914	addons.webextension.screenshots@mozilla.org	WARN	Loading extension 'screenshots@mozilla.org': Reading manifest: Invalid extension permission: mozillaAddons
1558343068914	addons.webextension.screenshots@mozilla.org	WARN	Loading extension 'screenshots@mozilla.org': Reading manifest: Invalid extension permission: resource://pdf.js/
1558343068914	addons.webextension.screenshots@mozilla.org	WARN	Loading extension 'screenshots@mozilla.org': Reading manifest: Invalid extension permission: about:reader*
1558343069983	Marionette	INFO	Listening on port 57194
1558343070190	Marionette	WARN	TLS certificate errors will be ignored for this session
JavaScript error: https://ibank.bankmandiri.co.id/common/js/datatables/dataTablesExtend.js, line 338: TypeError: $.fn.dataTableExt is undefined
1558343145263	Marionette	INFO	Stopped listening on port 57194
[Parent 13420, Gecko_IOThread] WARNING: pipe error: 109: file z:/build/build/src/ipc/chromium/src/chrome/common/ipc_channel_win.cc, line 332
[Child 12652, Chrome_ChildThread] WARNING: pipe error: 109: file z:/build/build/src/ipc/chromium/src/chrome/common/ipc_channel_win.cc, line 332
[Child 12652,[GPU 8092
###!!! [Child][MessageChannel::SendAndWait] Error: Channel error: cannot send/recv

1558343188629	mozrunner::runner	INFO	Running command: "C:\\Program Files\\Mozilla Firefox\\firefox.exe" "-marionette" "-foreground" "-no-remote" "-profile" "C:\\Users\\go\\AppData\\Local\\Temp\\rust_mozprofile.kyDXs1aBYXJO"
1558343188962	addons.webextension.screenshots@mozilla.org	WARN	Loading extension 'screenshots@mozilla.org': Reading manifest: Invalid extension permission: mozillaAddons
1558343188962	addons.webextension.screenshots@mozilla.org	WARN	Loading extension 'screenshots@mozilla.org': Reading manifest: Invalid extension permission: resource://pdf.js/
1558343188962	addons.webextension.screenshots@mozilla.org	WARN	Loading extension 'screenshots@mozilla.org': Reading manifest: Invalid extension permission: about:reader*
1558343190038	Marionette	INFO	Listening on port 57365
1558343190241	Marionette	WARN	TLS certificate errors will be ignored for this session
JavaScript error: https://ibank.bankmandiri.co.id/common/js/datatables/dataTablesExtend.js, line 338: TypeError: $.fn.dataTableExt is undefined
1558343257351	Marionette	INFO	Stopped listening on port 57365
[Child 7452, Chrome_ChildThread] WARNING: pipe error: 109: file z:/build/build/src/ipc/chromium/src/chrome/common/ipc_channel_win.cc, line 332
[[Parent 7056, Gecko_IOThread] WARNING: pipe error: 109: file z:/build/build/src/ipc/chromium/src/chrome/common/ipc_channel_win.cc, line 332
[Child 6388, Chrome_ChildThread] WARNING: pipe error: 109: file z:/build/build/src/ipc/chromium/src/chrome/common/ipc_channel_win.cc, line 332
[Child 6388, C[Child 5992, Chrome_ChildThread] WARNING: pipe error: 109: file z:/build/build/src/ipc/chromium/src/chrome/common/ipc_channel_win.cc, line 332
[Child 5[GPU 9772
###!!! [Child][MessageChannel::SendAndWait] Error: Channel error: cannot send/recv

1558343316381	mozrunner::runner	INFO	Running command: "C:\\Program Files\\Mozilla Firefox\\firefox.exe" "-marionette" "-foreground" "-no-remote" "-profile" "C:\\Users\\go\\AppData\\Local\\Temp\\rust_mozprofile.cLEKESOIn71q"
1558343316719	addons.webextension.screenshots@mozilla.org	WARN	Loading extension 'screenshots@mozilla.org': Reading manifest: Invalid extension permission: mozillaAddons
1558343316719	addons.webextension.screenshots@mozilla.org	WARN	Loading extension 'screenshots@mozilla.org': Reading manifest: Invalid extension permission: resource://pdf.js/
1558343316719	addons.webextension.screenshots@mozilla.org	WARN	Loading extension 'screenshots@mozilla.org': Reading manifest: Invalid extension permission: about:reader*
1558343317782	Marionette	INFO	Listening on port 57533
1558343318000	Marionette	WARN	TLS certificate errors will be ignored for this session
[Child 6912, Chrome_ChildThread] WARNING: pipe error: 109: file z:/build/build/src/ipc/chromium/src/chrome/common/ipc_channel_win.cc, line 332
[Child 691558343327399	Marionette	INFO	Stopped listening on port 57533

###!!! [Child][RunMessage] Error: Channel closing: too late to send/recv, messages will be lost

[GPU 35
###!!! [Child][MessageChannel::SendAndWait] Error: Channel error: cannot send/recv

1558344007223	mozrunner::runner	INFO	Running command: "C:\\Program Files\\Mozilla Firefox\\firefox.exe" "-marionette" "-foreground" "-no-remote" "-profile" "C:\\Users\\go\\AppData\\Local\\Temp\\rust_mozprofile.jwpOFfOQp9u6"
1558344007576	addons.webextension.screenshots@mozilla.org	WARN	Loading extension 'screenshots@mozilla.org': Reading manifest: Invalid extension permission: mozillaAddons
1558344007576	addons.webextension.screenshots@mozilla.org	WARN	Loading extension 'screenshots@mozilla.org': Reading manifest: Invalid extension permission: resource://pdf.js/
1558344007576	addons.webextension.screenshots@mozilla.org	WARN	Loading extension 'screenshots@mozilla.org': Reading manifest: Invalid extension permission: about:reader*
1558344008706	Marionette	INFO	Listening on port 58164
1558344008834	Marionette	WARN	TLS certificate errors will be ignored for this session
JavaScript error: https://ibank.bankmandiri.co.id/common/js/datatables/dataTablesExtend.js, line 338: TypeError: $.fn.dataTableExt is undefined
1558344069757	Marionette	INFO	Stopped listening on port 58164
[Child 12180, Chrome_ChildThread] WARNING: pipe error: 232: file z:/build/build/src/ipc/chromium/src/chrome/common/ipc_channel_win.cc, line 493
[Child 12180, Chrome_ChildThread] WARNING: pipe error: 232: file z:/build/build/src/ipc/chromium/src/chrome/common/ipc_channel_win.cc, line 493
[Child 12180, Chrome_ChildThread] WARNING: pipe error: 109: file z:/build/build/src/ipc/chromium/src/chrome/common/ipc_channel_win.cc, line 332
[Child 12180, Chrome_ChildThread] WARNING: pipe error: 109: file 
###!!! [Child][RunMessage] Error: Channel closing: too late to send/recv, messages will be lost

z:/build/build/src/ipc/chromium/src/chrome/common/ipc_channel_win.cc, line 332

###!!! [Child][RunMessage] Error: Channel closing: too late to send/recv, messages will be lost

[GP
###!!! [Child][MessageChannel::SendAndWait] Error: Channel error: cannot send/recv

1558344088281	mozrunner::runner	INFO	Running command: "C:\\Program Files\\Mozilla Firefox\\firefox.exe" "-marionette" "-foreground" "-no-remote" "-profile" "C:\\Users\\go\\AppData\\Local\\Temp\\rust_mozprofile.t6FQ7lJ4vbE6"
1558344088618	addons.webextension.screenshots@mozilla.org	WARN	Loading extension 'screenshots@mozilla.org': Reading manifest: Invalid extension permission: mozillaAddons
1558344088818	addons.webextension.screenshots@mozilla.org	WARN	Loading extension 'screenshots@mozilla.org': Reading manifest: Invalid extension permission: resource://pdf.js/
1558344088818	addons.webextension.screenshots@mozilla.org	WARN	Loading extension 'screenshots@mozilla.org': Reading manifest: Invalid extension permission: about:reader*
1558344089898	Marionette	INFO	Listening on port 58297
1558344090394	Marionette	WARN	TLS certificate errors will be ignored for this session
JavaScript error: https://ibank.bankmandiri.co.id/common/js/datatables/dataTablesExtend.js, line 338: TypeError: $.fn.dataTableExt is undefined
1558344117076	Marionette	INFO	Stopped listening on port 58297
[Child 7020, Chrome_ChildThread] WARNING: pipe error: 109: file z:/build/build/src/ipc/chromium/src/chrome/common/ipc_channel_win.cc, line 332
[Child [Child 6008, Chrome_ChildThread] WARNING: pipe error: 232: file z:/build/build/src/ipc/chromium/src/chrome/common/ipc_channel_win.cc, line 493
[Child 6008, Chro
###!!! [Child][RunMessage] Error: Channel closing: too late to send/recv, messages will be lost

[GPU 1558344386588	mozrunner::runner	INFO	Running command: "C:\\Program Files\\Mozilla Firefox\\firefox.exe" "-marionette" "-foreground" "-no-remote" "-profile" "C:\\Users\\go\\AppData\\Local\\Temp\\rust_mozprofile.KzgI8RhiqQfX"
1558344386923	addons.webextension.screenshots@mozilla.org	WARN	Loading extension 'screenshots@mozilla.org': Reading manifest: Invalid extension permission: mozillaAddons
1558344386923	addons.webextension.screenshots@mozilla.org	WARN	Loading extension 'screenshots@mozilla.org': Reading manifest: Invalid extension permission: resource://pdf.js/
1558344386923	addons.webextension.screenshots@mozilla.org	WARN	Loading extension 'screenshots@mozilla.org': Reading manifest: Invalid extension permission: about:reader*
1558344387964	Marionette	INFO	Listening on port 58700
1558344388201	Marionette	WARN	TLS certificate errors will be ignored for this session
JavaScript error: https://ibank.bankmandiri.co.id/common/js/datatables/dataTablesExtend.js, line 338: TypeError: $.fn.dataTableExt is undefined
console.error: BroadcastService: 
  receivedBroadcastMessage: handler for
  remote-settings/monitor_changes
  threw error:
  Message: Error: Polling for changes failed: NetworkError when attempting to fetch resource..
  Stack:
    remoteSettingsFunction/remoteSettings.pollChanges@resource://services-settings/remote-settings.js:190:13

[Parent 13884, Gecko_IOThread] WARNING: pipe error: 109: file z:/build/build/src/ipc/chromium/src/chrome/common/ipc_channel_win.cc, line 332
[Parent 13884, Gecko_IOThread] WARNING: pipe error: 109: file z:/build/build/src/ipc/chromium/src/chrome/common/ipc_channel_win.cc, line 332
[Child 6008, Chrome_ChildThread] WARNING: pipe error: 109: file z:/build/build/src/ipc/chromium/src/chrome/common/ipc_channel_win.cc, line 332
[Child1558344718362	Marionette	INFO	Stopped listening on port 58700
[GPU
###!!! [Child][RunMessage] Error: Channel closing: too late to send/recv, messages will be lost


###!!! [Child][MessageChannel::SendAndWait] Error: Channel error: cannot send/recv

1558344766882	mozrunner::runner	INFO	Running command: "C:\\Program Files\\Mozilla Firefox\\firefox.exe" "-marionette" "-foreground" "-no-remote" "-profile" "C:\\Users\\go\\AppData\\Local\\Temp\\rust_mozprofile.qvcaxiBI8ecV"
1558344767210	addons.webextension.screenshots@mozilla.org	WARN	Loading extension 'screenshots@mozilla.org': Reading manifest: Invalid extension permission: mozillaAddons
1558344767211	addons.webextension.screenshots@mozilla.org	WARN	Loading extension 'screenshots@mozilla.org': Reading manifest: Invalid extension permission: resource://pdf.js/
1558344767211	addons.webextension.screenshots@mozilla.org	WARN	Loading extension 'screenshots@mozilla.org': Reading manifest: Invalid extension permission: about:reader*
1558344768260	Marionette	INFO	Listening on port 59103
1558344768494	Marionette	WARN	TLS certificate errors will be ignored for this session
JavaScript error: https://ibank.bankmandiri.co.id/common/js/datatables/dataTablesExtend.js, line 338: TypeError: $.fn.dataTableExt is undefined
1558344774595	Marionette	WARN	TimedPromise timed out after 500 ms: stacktrace:
bail@chrome://marionette/content/sync.js:224:64
send@https://ibank.bankmandiri.co.id/retail3/js/jquery-1.11.1.min.js:4:25547
ajax@https://ibank.bankmandiri.co.id/retail3/js/jquery-1.11.1.min.js:4:21300
getBalance@https://ibank.bankmandiri.co.id/retail3/js/jquery-1.11.1.min.js line 2 > eval:1:6040
callSavingDetail@https://ibank.bankmandiri.co.id/retail3/js/jquery-1.11.1.min.js line 2 > eval:1:295
callback@https://ibank.bankmandiri.co.id/retail3/js/jquery-1.11.1.min.js line 2 > eval:12:2
callCallBck@https://ibank.bankmandiri.co.id/retail3/js/footer-merged.js:3473:2
success@https://ibank.bankmandiri.co.id/retail3/js/footer-merged.js:3456:8
j@https://ibank.bankmandiri.co.id/retail3/js/jquery-1.11.1.min.js:2:27239
fireWith@https://ibank.bankmandiri.co.id/retail3/js/jquery-1.11.1.min.js:2:28057
x@https://ibank.bankmandiri.co.id/retail3/js/jquery-1.11.1.min.js:4:21841
b@https://ibank.bankmandiri.co.id/retail3/js/jquery-1.11.1.min.js:4:25897
[Parent 2424, Gecko_IOThread] WARNING: pipe error: 109: file z:/build/build/src/ipc/chromium/src/chrome/common/ipc_channel_win.cc, line 332
[Child 7652, Chrome_ChildThread] WARNING: pipe error: 109: file z:/build/build/src/ipc/chromium/src/chrome/common/ipc_channel_win.cc, line 332
[Child 10008, Chrome_ChildThread] WARNING: pipe error: 109: file z:/build/build/src/ipc/chromium/src/chrome/common/ipc_channel_win.cc, line 332
[Child 11558344850305	Marionette	INFO	Stopped listening on port 59103

###!!! [Child][RunMessage] Error: Channel closing: too late to send/recv, messages will be lost

[GPU 1
###!!! [Child][MessageChannel::SendAndWait] Error: Channel error: cannot send/recv

1558344861719	mozrunner::runner	INFO	Running command: "C:\\Program Files\\Mozilla Firefox\\firefox.exe" "-marionette" "-foreground" "-no-remote" "-profile" "C:\\Users\\go\\AppData\\Local\\Temp\\rust_mozprofile.N2agKWvsGmkA"
1558344862049	addons.webextension.screenshots@mozilla.org	WARN	Loading extension 'screenshots@mozilla.org': Reading manifest: Invalid extension permission: mozillaAddons
1558344862050	addons.webextension.screenshots@mozilla.org	WARN	Loading extension 'screenshots@mozilla.org': Reading manifest: Invalid extension permission: resource://pdf.js/
1558344862050	addons.webextension.screenshots@mozilla.org	WARN	Loading extension 'screenshots@mozilla.org': Reading manifest: Invalid extension permission: about:reader*
1558344863107	Marionette	INFO	Listening on port 59250
1558344863336	Marionette	WARN	TLS certificate errors will be ignored for this session
JavaScript error: https://ibank.bankmandiri.co.id/common/js/datatables/dataTablesExtend.js, line 338: TypeError: $.fn.dataTableExt is undefined
1558344871294	Marionette	WARN	TimedPromise timed out after 500 ms: stacktrace:
bail@chrome://marionette/content/sync.js:224:64
JavaScript error: resource://gre/modules/WebProgressChild.jsm, line 61: TypeError: this.mm.content is null
[Parent 2316, Gecko_IOThread] WARNING: pipe error: 109: file z:/build/build/src/ipc/chromium/src/chrome/common/ipc_channel_win.cc, line 332
[Parent 2316, Gecko_IOThread] WARNING: pipe error: 109: file z:/build/build/src/ipc/chromium/src/chrome/common/ipc_channel_win.cc, line 332
[Child 6508, Chrome_ChildThread] WARNING: pipe error: 109: file z:/build/build/src/ipc/chromium/src/chrome/common/ipc_channel_win.cc, line 332
[Child 61558344950784	Marionette	INFO	Stopped listening on port 59250

###!!! [Child][RunMessage] Error: Channel closing: too late to send/recv, messages will be lost

[GPU 712
###!!! [Child][MessageChannel::SendAndWait] Error: Channel error: cannot send/recv

1558345101791	mozrunner::runner	INFO	Running command: "C:\\Program Files\\Mozilla Firefox\\firefox.exe" "-marionette" "-foreground" "-no-remote" "-profile" "C:\\Users\\go\\AppData\\Local\\Temp\\rust_mozprofile.1DKHw4uVM07u"
1558345102122	addons.webextension.screenshots@mozilla.org	WARN	Loading extension 'screenshots@mozilla.org': Reading manifest: Invalid extension permission: mozillaAddons
1558345102122	addons.webextension.screenshots@mozilla.org	WARN	Loading extension 'screenshots@mozilla.org': Reading manifest: Invalid extension permission: resource://pdf.js/
1558345102122	addons.webextension.screenshots@mozilla.org	WARN	Loading extension 'screenshots@mozilla.org': Reading manifest: Invalid extension permission: about:reader*
1558345103183	Marionette	INFO	Listening on port 59527
1558345103403	Marionette	WARN	TLS certificate errors will be ignored for this session
[Parent 12744, Gecko_IOThread] WARNING: pipe error: 109: file z:/build/build/src/ipc/chromium/src/chrome/common/ipc_channel_win.cc, line 332
JavaScript error: https://ibank.bankmandiri.co.id/common/js/datatables/dataTablesExtend.js, line 338: TypeError: $.fn.dataTableExt is undefined
[Parent 12744, Gecko_IOThread] WARNING: pipe error: 109: file z:/build/build/src/ipc/chromium/src/chrome/common/ipc_channel_win.cc, line 332
[Child 7904, Chrome_ChildThread] WARNING: pipe error: 109: file z:/build/build/src/ipc/chromium/src/chrome/common/ipc_channel_win.cc, line 332
[Child 1558345179305	Marionette	INFO	Stopped listening on port 59527
[GPU 1
###!!! [Child][MessageChannel::SendAndWait] Error: Channel error: cannot send/recv

1558345189687	mozrunner::runner	INFO	Running command: "C:\\Program Files\\Mozilla Firefox\\firefox.exe" "-marionette" "-foreground" "-no-remote" "-profile" "C:\\Users\\go\\AppData\\Local\\Temp\\rust_mozprofile.qczMYSvNOGMc"
1558345190027	addons.webextension.screenshots@mozilla.org	WARN	Loading extension 'screenshots@mozilla.org': Reading manifest: Invalid extension permission: mozillaAddons
1558345190027	addons.webextension.screenshots@mozilla.org	WARN	Loading extension 'screenshots@mozilla.org': Reading manifest: Invalid extension permission: resource://pdf.js/
1558345190027	addons.webextension.screenshots@mozilla.org	WARN	Loading extension 'screenshots@mozilla.org': Reading manifest: Invalid extension permission: about:reader*
1558345191058	Marionette	INFO	Listening on port 59677
1558345191311	Marionette	WARN	TLS certificate errors will be ignored for this session
JavaScript error: https://ibank.bankmandiri.co.id/common/js/datatables/dataTablesExtend.js, line 338: TypeError: $.fn.dataTableExt is undefined
1558345197656	Marionette	WARN	TimedPromise timed out after 500 ms: stacktrace:
bail@chrome://marionette/content/sync.js:224:64
send@https://ibank.bankmandiri.co.id/retail3/js/jquery-1.11.1.min.js:4:25547
ajax@https://ibank.bankmandiri.co.id/retail3/js/jquery-1.11.1.min.js:4:21300
getBalance@https://ibank.bankmandiri.co.id/retail3/js/jquery-1.11.1.min.js line 2 > eval:1:6040
callSavingDetail@https://ibank.bankmandiri.co.id/retail3/js/jquery-1.11.1.min.js line 2 > eval:1:295
callback@https://ibank.bankmandiri.co.id/retail3/js/jquery-1.11.1.min.js line 2 > eval:12:2
callCallBck@https://ibank.bankmandiri.co.id/retail3/js/footer-merged.js:3473:2
success@https://ibank.bankmandiri.co.id/retail3/js/footer-merged.js:3456:8
j@https://ibank.bankmandiri.co.id/retail3/js/jquery-1.11.1.min.js:2:27239
fireWith@https://ibank.bankmandiri.co.id/retail3/js/jquery-1.11.1.min.js:2:28057
x@https://ibank.bankmandiri.co.id/retail3/js/jquery-1.11.1.min.js:4:21841
b@https://ibank.bankmandiri.co.id/retail3/js/jquery-1.11.1.min.js:4:25897
[Parent 6032, Gecko_IOThread] WARNING: pipe error: 109: file z:/build/build/src/ipc/chromium/src/chrome/common/ipc_channel_win.cc, line 332
[Parent 6032, Gecko_IOThread] WARNING: pipe error: 109: file z:/build/build/src/ipc/chromium/src/chrome/common/ipc_channel_win.cc, line 332
[Child 13584, Chrome_ChildThread] WARNING: pipe error: 109: file z:/build/build/src/ipc/chromium/src/chrome/common/ipc_channel_win.cc, line 332
[Child 13[Child 13452, Chrome_ChildThread] WARNING: pipe error: 109: file z:/build/build/src/ipc/chromium/src/chrome/common/ipc_channel_win.cc, line 332
[Child 1341558345246960	Marionette	INFO	Stopped listening on port 59677

###!!! [Child][RunMessage] Error: Channel closing: too late to send/recv, messages will be lost

[
###!!! [Child][MessageChannel::SendAndWait] Error: Channel error: cannot send/recv

JavaScript error: resource://gre/modules/osfile/osfile_async_front.jsm, line 404: Error: OS.File has been shut down. Rejecting post to stat
1558345260419	mozrunner::runner	INFO	Running command: "C:\\Program Files\\Mozilla Firefox\\firefox.exe" "-marionette" "-foreground" "-no-remote" "-profile" "C:\\Users\\go\\AppData\\Local\\Temp\\rust_mozprofile.ozvIj576SewF"
1558345260750	addons.webextension.screenshots@mozilla.org	WARN	Loading extension 'screenshots@mozilla.org': Reading manifest: Invalid extension permission: mozillaAddons
1558345260751	addons.webextension.screenshots@mozilla.org	WARN	Loading extension 'screenshots@mozilla.org': Reading manifest: Invalid extension permission: resource://pdf.js/
1558345260751	addons.webextension.screenshots@mozilla.org	WARN	Loading extension 'screenshots@mozilla.org': Reading manifest: Invalid extension permission: about:reader*
1558345261819	Marionette	INFO	Listening on port 59793
1558345262042	Marionette	WARN	TLS certificate errors will be ignored for this session
JavaScript error: https://ibank.bankmandiri.co.id/common/js/datatables/dataTablesExtend.js, line 338: TypeError: $.fn.dataTableExt is undefined
1558345268661	Marionette	WARN	TimedPromise timed out after 500 ms: stacktrace:
bail@chrome://marionette/content/sync.js:224:64
send@https://ibank.bankmandiri.co.id/retail3/js/jquery-1.11.1.min.js:4:25547
ajax@https://ibank.bankmandiri.co.id/retail3/js/jquery-1.11.1.min.js:4:21300
getBalance@https://ibank.bankmandiri.co.id/retail3/js/jquery-1.11.1.min.js line 2 > eval:1:6040
callSavingDetail@https://ibank.bankmandiri.co.id/retail3/js/jquery-1.11.1.min.js line 2 > eval:1:295
callback@https://ibank.bankmandiri.co.id/retail3/js/jquery-1.11.1.min.js line 2 > eval:12:2
callCallBck@https://ibank.bankmandiri.co.id/retail3/js/footer-merged.js:3473:2
success@https://ibank.bankmandiri.co.id/retail3/js/footer-merged.js:3456:8
j@https://ibank.bankmandiri.co.id/retail3/js/jquery-1.11.1.min.js:2:27239
fireWith@https://ibank.bankmandiri.co.id/retail3/js/jquery-1.11.1.min.js:2:28057
x@https://ibank.bankmandiri.co.id/retail3/js/jquery-1.11.1.min.js:4:21841
b@https://ibank.bankmandiri.co.id/retail3/js/jquery-1.11.1.min.js:4:25897
1558345270374	Marionette	WARN	TimedPromise timed out after 500 ms: stacktrace:
bail@chrome://marionette/content/sync.js:224:64
[Child 7248, Chrome_ChildThread] WARNING: pipe error: 109: file z:/build/build/src/ipc/chromium/src/chrome/common/ipc_channel_win.cc, line 332
[Child 721558345361050	Marionette	INFO	Stopped listening on port 59793

###!!! [Child][RunMessage] Error: Channel closing: too late to send/recv, messages will be lost

[G
###!!! [Child][MessageChannel::SendAndWait] Error: Channel error: cannot send/recv

1558345368085	mozrunner::runner	INFO	Running command: "C:\\Program Files\\Mozilla Firefox\\firefox.exe" "-marionette" "-foreground" "-no-remote" "-profile" "C:\\Users\\go\\AppData\\Local\\Temp\\rust_mozprofile.DbgmqWjNhuxG"
1558345368412	addons.webextension.screenshots@mozilla.org	WARN	Loading extension 'screenshots@mozilla.org': Reading manifest: Invalid extension permission: mozillaAddons
1558345368412	addons.webextension.screenshots@mozilla.org	WARN	Loading extension 'screenshots@mozilla.org': Reading manifest: Invalid extension permission: resource://pdf.js/
1558345368413	addons.webextension.screenshots@mozilla.org	WARN	Loading extension 'screenshots@mozilla.org': Reading manifest: Invalid extension permission: about:reader*
1558345369459	Marionette	INFO	Listening on port 59964
1558345369696	Marionette	WARN	TLS certificate errors will be ignored for this session
JavaScript error: https://ibank.bankmandiri.co.id/common/js/datatables/dataTablesExtend.js, line 338: TypeError: $.fn.dataTableExt is undefined
[Parent 2312, Gecko_IOThread] WARNING: pipe error: 109: file z:/build/build/src/ipc/chromium/src/chrome/common/ipc_channel_win.cc, line 332
[Parent 2312, Gecko_IOThread] WARNING: pipe error: 109: file z:/build/build/src/ipc/chromium/src/chrome/common/ipc_channel_win.cc, line 332
[Child 13192, Chrome_ChildThread] WARNING: pipe error: 109: file z:/build/build/src/ipc/chromium/src/chrome/common/ipc_channel_win.cc, line 332
[Child 1311558345444913	Marionette	INFO	Stopped listening on port 59964
[GPU 
###!!! [Child][MessageChannel::SendAndWait] Error: Channel error: cannot send/recv

1558345459058	mozrunner::runner	INFO	Running command: "C:\\Program Files\\Mozilla Firefox\\firefox.exe" "-marionette" "-foreground" "-no-remote" "-profile" "C:\\Users\\go\\AppData\\Local\\Temp\\rust_mozprofile.06ehMI5OZfsn"
1558345459397	addons.webextension.screenshots@mozilla.org	WARN	Loading extension 'screenshots@mozilla.org': Reading manifest: Invalid extension permission: mozillaAddons
1558345459397	addons.webextension.screenshots@mozilla.org	WARN	Loading extension 'screenshots@mozilla.org': Reading manifest: Invalid extension permission: resource://pdf.js/
1558345459397	addons.webextension.screenshots@mozilla.org	WARN	Loading extension 'screenshots@mozilla.org': Reading manifest: Invalid extension permission: about:reader*
1558345460448	Marionette	INFO	Listening on port 60099
1558345460692	Marionette	WARN	TLS certificate errors will be ignored for this session
JavaScript error: https://ibank.bankmandiri.co.id/common/js/datatables/dataTablesExtend.js, line 338: TypeError: $.fn.dataTableExt is undefined
1558345507825	Marionette	INFO	Stopped listening on port 60099

###!!! [Child][RunMessage] Error: Channel closing: too late to send/recv, messages will be lost

[GP
###!!! [Child][MessageChannel::SendAndWait] Error: Channel error: cannot send/recv

1558345521394	mozrunner::runner	INFO	Running command: "C:\\Program Files\\Mozilla Firefox\\firefox.exe" "-marionette" "-foreground" "-no-remote" "-profile" "C:\\Users\\go\\AppData\\Local\\Temp\\rust_mozprofile.qoEdP7biMvhA"
1558345521723	addons.webextension.screenshots@mozilla.org	WARN	Loading extension 'screenshots@mozilla.org': Reading manifest: Invalid extension permission: mozillaAddons
1558345521723	addons.webextension.screenshots@mozilla.org	WARN	Loading extension 'screenshots@mozilla.org': Reading manifest: Invalid extension permission: resource://pdf.js/
1558345521723	addons.webextension.screenshots@mozilla.org	WARN	Loading extension 'screenshots@mozilla.org': Reading manifest: Invalid extension permission: about:reader*
1558345522767	Marionette	INFO	Listening on port 60210
1558345523007	Marionette	WARN	TLS certificate errors will be ignored for this session
JavaScript error: https://ibank.bankmandiri.co.id/common/js/datatables/dataTablesExtend.js, line 338: TypeError: $.fn.dataTableExt is undefined
console.error: BroadcastService: 
  receivedBroadcastMessage: handler for
  remote-settings/monitor_changes
  threw error:
  Message: Error: Polling for changes failed: NetworkError when attempting to fetch resource..
  Stack:
    remoteSettingsFunction/remoteSettings.pollChanges@resource://services-settings/remote-settings.js:190:13

[Child 272, Chrome_ChildThread] WARNING: pipe error: 109: file z:/build/build/src/ipc/chromium/src/chrome/common/ipc_channel_win.cc, line 332
[Child 10784, Chrome_ChildThread] WARNING: pipe error: 109: file z:/build/build/src/ipc/chromium/src/chrome/common/ipc_channel_win.cc, line 332
[Child 10781558345936082	Marionette	INFO	Stopped listening on port 60210
[GPU
###!!! [Child][MessageChannel::SendAndWait] Error: Channel error: cannot send/recv

1558345947061	mozrunner::runner	INFO	Running command: "C:\\Program Files\\Mozilla Firefox\\firefox.exe" "-marionette" "-foreground" "-no-remote" "-profile" "C:\\Users\\go\\AppData\\Local\\Temp\\rust_mozprofile.f38dbR6cpU0Z"
1558345947387	addons.webextension.screenshots@mozilla.org	WARN	Loading extension 'screenshots@mozilla.org': Reading manifest: Invalid extension permission: mozillaAddons
1558345947387	addons.webextension.screenshots@mozilla.org	WARN	Loading extension 'screenshots@mozilla.org': Reading manifest: Invalid extension permission: resource://pdf.js/
1558345947387	addons.webextension.screenshots@mozilla.org	WARN	Loading extension 'screenshots@mozilla.org': Reading manifest: Invalid extension permission: about:reader*
1558345948435	Marionette	INFO	Listening on port 60638
1558345948674	Marionette	WARN	TLS certificate errors will be ignored for this session
JavaScript error: https://ibank.bankmandiri.co.id/common/js/datatables/dataTablesExtend.js, line 338: TypeError: $.fn.dataTableExt is undefined
1558345962959	Marionette	WARN	TimedPromise timed out after 500 ms: stacktrace:
bail@chrome://marionette/content/sync.js:224:64
send@https://ibank.bankmandiri.co.id/retail3/js/jquery-1.11.1.min.js:4:25547
ajax@https://ibank.bankmandiri.co.id/retail3/js/jquery-1.11.1.min.js:4:21300
getBalance@https://ibank.bankmandiri.co.id/retail3/js/jquery-1.11.1.min.js line 2 > eval:1:6040
callSavingDetail@https://ibank.bankmandiri.co.id/retail3/js/jquery-1.11.1.min.js line 2 > eval:1:295
callback@https://ibank.bankmandiri.co.id/retail3/js/jquery-1.11.1.min.js line 2 > eval:12:2
callCallBck@https://ibank.bankmandiri.co.id/retail3/js/footer-merged.js:3473:2
success@https://ibank.bankmandiri.co.id/retail3/js/footer-merged.js:3456:8
j@https://ibank.bankmandiri.co.id/retail3/js/jquery-1.11.1.min.js:2:27239
fireWith@https://ibank.bankmandiri.co.id/retail3/js/jquery-1.11.1.min.js:2:28057
x@https://ibank.bankmandiri.co.id/retail3/js/jquery-1.11.1.min.js:4:21841
b@https://ibank.bankmandiri.co.id/retail3/js/jquery-1.11.1.min.js:4:25897
1558345990979	Marionette	INFO	Stopped listening on port 60638
[Child 4596, Chrome_ChildThread] WARNING: pipe error: 109: file z:/build/build/src/ipc/chromium/src/chrome/common/ipc_channel_win.cc, line 332
[Chil[Child 9816, Chrome_ChildThread] WARNING: pipe error: 109: file z:/build/build/src/ipc/chromium/src/chrome/common/ipc_channel_win.cc, line 332
[Child 9816, C[Ch[GPU 11558346054422	mozrunner::runner	INFO	Running command: "C:\\Program Files\\Mozilla Firefox\\firefox.exe" "-marionette" "-foreground" "-no-remote" "-profile" "C:\\Users\\go\\AppData\\Local\\Temp\\rust_mozprofile.YV3Tkqkya97t"
1558346054749	addons.webextension.screenshots@mozilla.org	WARN	Loading extension 'screenshots@mozilla.org': Reading manifest: Invalid extension permission: mozillaAddons
1558346054749	addons.webextension.screenshots@mozilla.org	WARN	Loading extension 'screenshots@mozilla.org': Reading manifest: Invalid extension permission: resource://pdf.js/
1558346054749	addons.webextension.screenshots@mozilla.org	WARN	Loading extension 'screenshots@mozilla.org': Reading manifest: Invalid extension permission: about:reader*
1558346055783	Marionette	INFO	Listening on port 60797
1558346056037	Marionette	WARN	TLS certificate errors will be ignored for this session
JavaScript error: https://ibank.bankmandiri.co.id/common/js/datatables/dataTablesExtend.js, line 338: TypeError: $.fn.dataTableExt is undefined
1558346087942	Marionette	INFO	Stopped listening on port 60797
IPDL protocol error: Handler returned error code!

###!!! [Parent][DispatchAsyncMessage] Error: PLayerTransaction::Msg_ReleaseLayer Processing error: message was deserialized, but the handler returned false (indicating failure)

IPDL protocol error: Handler returned error code!

###!!! [Parent][DispatchAsyncMessage] Error: PLayerTransaction::Msg_ReleaseLayer Processing error: message was deserialized, but the handler returned false (indicating failure)

IPDL protocol error: Handler returned error code!

###!!! [Parent][DispatchAsyncMessage] Error: PLayerTransaction::Msg_ReleaseLayer Processing error: message was deserialized, but the handler returned false (indicating failure)

[GPU 3
###!!! [Child][MessageChannel::SendAndWait] Error: Channel error: cannot send/recv

1558346124472	mozrunner::runner	INFO	Running command: "C:\\Program Files\\Mozilla Firefox\\firefox.exe" "-marionette" "-foreground" "-no-remote" "-profile" "C:\\Users\\go\\AppData\\Local\\Temp\\rust_mozprofile.scN2PKFWpsC5"
1558346124845	addons.webextension.screenshots@mozilla.org	WARN	Loading extension 'screenshots@mozilla.org': Reading manifest: Invalid extension permission: mozillaAddons
1558346124845	addons.webextension.screenshots@mozilla.org	WARN	Loading extension 'screenshots@mozilla.org': Reading manifest: Invalid extension permission: resource://pdf.js/
1558346124845	addons.webextension.screenshots@mozilla.org	WARN	Loading extension 'screenshots@mozilla.org': Reading manifest: Invalid extension permission: about:reader*
1558346125973	Marionette	INFO	Listening on port 60917
1558346126125	Marionette	WARN	TLS certificate errors will be ignored for this session
[Parent 14128, Gecko_IOThread] WARNING: pipe error: 109: file z:/build/build/src/ipc/chromium/src/chrome/common/ipc_channel_win.cc, line 332
JavaScript error: https://ibank.bankmandiri.co.id/common/js/datatables/dataTablesExtend.js, line 338: TypeError: $.fn.dataTableExt is undefined
console.error: BroadcastService: 
  receivedBroadcastMessage: handler for
  remote-settings/monitor_changes
  threw error:
  Message: Error: Polling for changes failed: NetworkError when attempting to fetch resource..
  Stack:
    remoteSettingsFunction/remoteSettings.pollChanges@resource://services-settings/remote-settings.js:190:13

1558346156071	Marionette	INFO	Stopped listening on port 60917
[
###!!! [Child][RunMessage] Error: Channel closing: too late to send/recv, messages will be lost

[
###!!! [Child][MessageChannel::SendAndWait] Error: Channel error: cannot send/recv

